【时间】2023-03-21 08:05:00,605
【等级】INF
【消息】Application started. Press Ctrl+C to shut down.

【时间】2023-03-21 08:05:00,653
【等级】INF
【消息】Hosting environment: Development

【时间】2023-03-21 08:05:00,654
【等级】INF
【消息】Content root path: D:\BaiduYunDownload\joy-admin-master\joy-admin-master\JoyAdminBackend\JoyAdmin\JoyAdmin.Web.Entry\

【时间】2023-03-21 08:05:20,214
【等级】INF
【消息】Application is shutting down...

【时间】2023-03-21 09:03:35,221
【等级】INF
【消息】Application started. Press Ctrl+C to shut down.

【时间】2023-03-21 09:03:35,272
【等级】INF
【消息】Hosting environment: Development

【时间】2023-03-21 09:03:35,275
【等级】INF
【消息】Content root path: D:\BaiduYunDownload\joy-admin-master\joy-admin-master\JoyAdminBackend\JoyAdmin\JoyAdmin.Web.Entry\

【时间】2023-03-21 09:05:06,626
【等级】INF
【消息】Application started. Press Ctrl+C to shut down.

【时间】2023-03-21 09:05:06,673
【等级】INF
【消息】Hosting environment: Development

【时间】2023-03-21 09:05:06,675
【等级】INF
【消息】Content root path: D:\BaiduYunDownload\joy-admin-master\joy-admin-master\JoyAdminBackend\JoyAdmin\JoyAdmin.Web.Entry\

【时间】2023-03-21 09:51:49,950
【等级】INF
【消息】Application started. Press Ctrl+C to shut down.

【时间】2023-03-21 09:51:49,986
【等级】INF
【消息】Hosting environment: Development

【时间】2023-03-21 09:51:49,987
【等级】INF
【消息】Content root path: D:\BaiduYunDownload\joy-admin-master\joy-admin-master\JoyAdminBackend\JoyAdmin\JoyAdmin.Web.Entry\

【时间】2023-03-21 11:01:41,931
【等级】INF
【消息】Application started. Press Ctrl+C to shut down.

【时间】2023-03-21 11:01:41,969
【等级】INF
【消息】Hosting environment: Development

【时间】2023-03-21 11:01:41,970
【等级】INF
【消息】Content root path: D:\BaiduYunDownload\joy-admin-master\joy-admin-master\JoyAdminBackend\JoyAdmin\JoyAdmin.Web.Entry\

【时间】2023-03-21 11:09:00,347
【等级】INF
【消息】Application started. Press Ctrl+C to shut down.

【时间】2023-03-21 11:09:00,400
【等级】INF
【消息】Hosting environment: Development

【时间】2023-03-21 11:09:00,402
【等级】INF
【消息】Content root path: D:\BaiduYunDownload\joy-admin-master\joy-admin-master\JoyAdminBackend\JoyAdmin\JoyAdmin.Web.Entry\

【时间】2023-03-21 11:11:05,634
【等级】INF
【消息】Application started. Press Ctrl+C to shut down.

【时间】2023-03-21 11:11:05,671
【等级】INF
【消息】Hosting environment: Development

【时间】2023-03-21 11:11:05,672
【等级】INF
【消息】Content root path: D:\BaiduYunDownload\joy-admin-master\joy-admin-master\JoyAdminBackend\JoyAdmin\JoyAdmin.Web.Entry\

【时间】2023-03-21 11:17:15,465
【等级】INF
【消息】Application started. Press Ctrl+C to shut down.

【时间】2023-03-21 11:17:15,550
【等级】INF
【消息】Hosting environment: Development

【时间】2023-03-21 11:17:15,551
【等级】INF
【消息】Content root path: D:\BaiduYunDownload\joy-admin-master\joy-admin-master\JoyAdminBackend\JoyAdmin\JoyAdmin.Web.Entry\

【时间】2023-03-21 12:34:04,858
【等级】INF
【消息】Application started. Press Ctrl+C to shut down.

【时间】2023-03-21 12:34:04,894
【等级】INF
【消息】Hosting environment: Development

【时间】2023-03-21 12:34:04,896
【等级】INF
【消息】Content root path: D:\BaiduYunDownload\joy-admin-master\joy-admin-master\JoyAdminBackend\JoyAdmin\JoyAdmin.Web.Entry\

【时间】2023-03-21 12:37:11,541
【等级】INF
【消息】Application started. Press Ctrl+C to shut down.

【时间】2023-03-21 12:37:11,580
【等级】INF
【消息】Hosting environment: Development

【时间】2023-03-21 12:37:11,581
【等级】INF
【消息】Content root path: D:\BaiduYunDownload\joy-admin-master\joy-admin-master\JoyAdminBackend\JoyAdmin\JoyAdmin.Web.Entry\

【时间】2023-03-21 12:44:26,196
【等级】INF
【消息】Application started. Press Ctrl+C to shut down.

【时间】2023-03-21 12:44:26,255
【等级】INF
【消息】Hosting environment: Development

【时间】2023-03-21 12:44:26,257
【等级】INF
【消息】Content root path: D:\BaiduYunDownload\joy-admin-master\joy-admin-master\JoyAdminBackend\JoyAdmin\JoyAdmin.Web.Entry\

【时间】2023-03-21 14:44:45,216
【等级】INF
【消息】Application started. Press Ctrl+C to shut down.

【时间】2023-03-21 14:44:45,264
【等级】INF
【消息】Hosting environment: Development

【时间】2023-03-21 14:44:45,265
【等级】INF
【消息】Content root path: D:\BaiduYunDownload\joy-admin-master\joy-admin-master\JoyAdminBackend\JoyAdmin\JoyAdmin.Web.Entry\

【时间】2023-03-21 14:47:43,868
【等级】INF
【消息】Application started. Press Ctrl+C to shut down.

【时间】2023-03-21 14:47:43,906
【等级】INF
【消息】Hosting environment: Development

【时间】2023-03-21 14:47:43,907
【等级】INF
【消息】Content root path: D:\BaiduYunDownload\joy-admin-master\joy-admin-master\JoyAdminBackend\JoyAdmin\JoyAdmin.Web.Entry\

【时间】2023-03-21 16:16:54,626
【等级】INF
【消息】Application started. Press Ctrl+C to shut down.

【时间】2023-03-21 16:16:54,700
【等级】INF
【消息】Hosting environment: Development

【时间】2023-03-21 16:16:54,702
【等级】INF
【消息】Content root path: D:\BaiduYunDownload\joy-admin-master\joy-admin-master\JoyAdminBackend\JoyAdmin\JoyAdmin.Web.Entry\

【时间】2023-03-21 16:18:46,952
【等级】INF
【消息】Application started. Press Ctrl+C to shut down.

【时间】2023-03-21 16:18:47,008
【等级】INF
【消息】Hosting environment: Development

【时间】2023-03-21 16:18:47,010
【等级】INF
【消息】Content root path: D:\BaiduYunDownload\joy-admin-master\joy-admin-master\JoyAdminBackend\JoyAdmin\JoyAdmin.Web.Entry\

【时间】2023-03-21 19:55:39,984
【等级】INF
【消息】Application started. Press Ctrl+C to shut down.

【时间】2023-03-21 19:55:40,038
【等级】INF
【消息】Hosting environment: Development

【时间】2023-03-21 19:55:40,039
【等级】INF
【消息】Content root path: D:\BaiduYunDownload\joy-admin-master\joy-admin-master\JoyAdminBackend\JoyAdmin\JoyAdmin.Web.Entry\

