【时间】2023-03-22 08:47:11,195
【等级】INF
【消息】Application started. Press Ctrl+C to shut down.

【时间】2023-03-22 08:47:11,251
【等级】INF
【消息】Hosting environment: Development

【时间】2023-03-22 08:47:11,253
【等级】INF
【消息】Content root path: D:\BaiduYunDownload\joy-admin-master\joy-admin-master\JoyAdminBackend\JoyAdmin\JoyAdmin.Web.Entry\

【时间】2023-03-22 09:06:36,765
【等级】INF
【消息】Now listening on: http://localhost:5000

【时间】2023-03-22 09:06:36,797
【等级】INF
【消息】Application started. Press Ctrl+C to shut down.

【时间】2023-03-22 09:06:36,797
【等级】INF
【消息】Hosting environment: Development

【时间】2023-03-22 09:06:36,868
【等级】INF
【消息】Content root path: D:\BaiduYunDownload\joy-admin-master\joy-admin-master\JoyAdminBackend\JoyAdmin\JoyAdmin.Web.Entry\

【时间】2023-03-22 15:47:39,811
【等级】INF
【消息】Now listening on: http://localhost:5000

【时间】2023-03-22 15:47:39,867
【等级】INF
【消息】Application started. Press Ctrl+C to shut down.

【时间】2023-03-22 15:47:39,867
【等级】INF
【消息】Hosting environment: Development

【时间】2023-03-22 15:47:39,867
【等级】INF
【消息】Content root path: D:\BaiduYunDownload\joy-admin-master\joy-admin-master\JoyAdminBackend\JoyAdmin\JoyAdmin.Web.Entry\

【时间】2023-03-22 15:54:03,940
【等级】INF
【消息】Now listening on: http://localhost:5000

【时间】2023-03-22 15:54:03,977
【等级】INF
【消息】Application started. Press Ctrl+C to shut down.

【时间】2023-03-22 15:54:03,978
【等级】INF
【消息】Hosting environment: Development

【时间】2023-03-22 15:54:03,978
【等级】INF
【消息】Content root path: D:\BaiduYunDownload\joy-admin-master\joy-admin-master\JoyAdminBackend\JoyAdmin\JoyAdmin.Web.Entry\

【时间】2023-03-22 17:10:10,378
【等级】INF
【消息】Now listening on: http://localhost:5000

【时间】2023-03-22 17:10:10,407
【等级】INF
【消息】Application started. Press Ctrl+C to shut down.

【时间】2023-03-22 17:10:10,408
【等级】INF
【消息】Hosting environment: Development

【时间】2023-03-22 17:10:10,408
【等级】INF
【消息】Content root path: D:\BaiduYunDownload\joy-admin-master\joy-admin-master\JoyAdminBackend\JoyAdmin\JoyAdmin.Web.Entry\

【时间】2023-03-22 19:18:41,840
【等级】INF
【消息】Now listening on: http://localhost:5000

【时间】2023-03-22 19:18:41,869
【等级】INF
【消息】Application started. Press Ctrl+C to shut down.

【时间】2023-03-22 19:18:41,870
【等级】INF
【消息】Hosting environment: Development

【时间】2023-03-22 19:18:41,870
【等级】INF
【消息】Content root path: D:\BaiduYunDownload\joy-admin-master\joy-admin-master\JoyAdminBackend\JoyAdmin\JoyAdmin.Web.Entry\

