【时间】2023-03-20 14:20:11,968
【等级】INF
【消息】Now listening on: https://localhost:5001

【时间】2023-03-20 14:20:12,009
【等级】INF
【消息】Now listening on: http://localhost:5000

【时间】2023-03-20 14:20:12,011
【等级】INF
【消息】Application started. Press Ctrl+C to shut down.

【时间】2023-03-20 14:20:12,011
【等级】INF
【消息】Hosting environment: Development

【时间】2023-03-20 14:20:12,011
【等级】INF
【消息】Content root path: D:\BaiduYunDownload\joy-admin-master\joy-admin-master\JoyAdminBackend\JoyAdmin\JoyAdmin.Web.Entry\

【时间】2023-03-20 14:20:33,455
【等级】INF
【消息】Now listening on: https://localhost:5001

【时间】2023-03-20 14:20:33,494
【等级】INF
【消息】Now listening on: http://localhost:5000

【时间】2023-03-20 14:20:33,496
【等级】INF
【消息】Application started. Press Ctrl+C to shut down.

【时间】2023-03-20 14:20:33,496
【等级】INF
【消息】Hosting environment: Development

【时间】2023-03-20 14:20:33,496
【等级】INF
【消息】Content root path: D:\BaiduYunDownload\joy-admin-master\joy-admin-master\JoyAdminBackend\JoyAdmin\JoyAdmin.Web.Entry\

【时间】2023-03-20 14:24:41,672
【等级】INF
【消息】Now listening on: https://localhost:5001

【时间】2023-03-20 14:24:41,698
【等级】INF
【消息】Now listening on: http://localhost:5000

【时间】2023-03-20 14:24:41,700
【等级】INF
【消息】Application started. Press Ctrl+C to shut down.

【时间】2023-03-20 14:24:41,700
【等级】INF
【消息】Hosting environment: Development

【时间】2023-03-20 14:24:41,700
【等级】INF
【消息】Content root path: D:\BaiduYunDownload\joy-admin-master\joy-admin-master\JoyAdminBackend\JoyAdmin\JoyAdmin.Web.Entry\

【时间】2023-03-20 14:26:01,094
【等级】INF
【消息】Application is shutting down...

【时间】2023-03-20 14:34:31,077
【等级】INF
【消息】Now listening on: https://localhost:5001

【时间】2023-03-20 14:34:31,113
【等级】INF
【消息】Now listening on: http://localhost:5000

【时间】2023-03-20 14:34:31,115
【等级】INF
【消息】Application started. Press Ctrl+C to shut down.

【时间】2023-03-20 14:34:31,115
【等级】INF
【消息】Hosting environment: Development

【时间】2023-03-20 14:34:31,115
【等级】INF
【消息】Content root path: D:\BaiduYunDownload\joy-admin-master\joy-admin-master\JoyAdminBackend\JoyAdmin\JoyAdmin.Web.Entry\

【时间】2023-03-20 14:45:34,869
【等级】INF
【消息】Now listening on: https://localhost:5001

【时间】2023-03-20 14:45:34,979
【等级】INF
【消息】Now listening on: http://localhost:5000

【时间】2023-03-20 14:45:34,982
【等级】INF
【消息】Application started. Press Ctrl+C to shut down.

【时间】2023-03-20 14:45:34,982
【等级】INF
【消息】Hosting environment: Development

【时间】2023-03-20 14:45:34,982
【等级】INF
【消息】Content root path: D:\BaiduYunDownload\joy-admin-master\joy-admin-master\JoyAdminBackend\JoyAdmin\JoyAdmin.Web.Entry\

【时间】2023-03-20 15:25:49,884
【等级】INF
【消息】Now listening on: https://localhost:5001

【时间】2023-03-20 15:25:49,913
【等级】INF
【消息】Now listening on: http://localhost:5000

【时间】2023-03-20 15:25:49,914
【等级】INF
【消息】Application started. Press Ctrl+C to shut down.

【时间】2023-03-20 15:25:49,914
【等级】INF
【消息】Hosting environment: Development

【时间】2023-03-20 15:25:49,915
【等级】INF
【消息】Content root path: D:\BaiduYunDownload\joy-admin-master\joy-admin-master\JoyAdminBackend\JoyAdmin\JoyAdmin.Web.Entry\

【时间】2023-03-20 15:35:12,437
【等级】INF
【消息】Now listening on: https://localhost:5001

【时间】2023-03-20 15:35:12,465
【等级】INF
【消息】Now listening on: http://localhost:5000

【时间】2023-03-20 15:35:12,467
【等级】INF
【消息】Application started. Press Ctrl+C to shut down.

【时间】2023-03-20 15:35:12,467
【等级】INF
【消息】Hosting environment: Development

【时间】2023-03-20 15:35:12,467
【等级】INF
【消息】Content root path: D:\BaiduYunDownload\joy-admin-master\joy-admin-master\JoyAdminBackend\JoyAdmin\JoyAdmin.Web.Entry\

【时间】2023-03-20 15:37:35,902
【等级】INF
【消息】Application started. Press Ctrl+C to shut down.

【时间】2023-03-20 15:37:35,952
【等级】INF
【消息】Hosting environment: Development

【时间】2023-03-20 15:37:35,954
【等级】INF
【消息】Content root path: D:\BaiduYunDownload\joy-admin-master\joy-admin-master\JoyAdminBackend\JoyAdmin\JoyAdmin.Web.Entry\

【时间】2023-03-20 15:48:47,019
【等级】INF
【消息】Application started. Press Ctrl+C to shut down.

【时间】2023-03-20 15:48:47,058
【等级】INF
【消息】Hosting environment: Development

【时间】2023-03-20 15:48:47,060
【等级】INF
【消息】Content root path: D:\BaiduYunDownload\joy-admin-master\joy-admin-master\JoyAdminBackend\JoyAdmin\JoyAdmin.Web.Entry\

【时间】2023-03-20 15:56:42,412
【等级】INF
【消息】Application started. Press Ctrl+C to shut down.

【时间】2023-03-20 15:56:42,472
【等级】INF
【消息】Hosting environment: Development

【时间】2023-03-20 15:56:42,474
【等级】INF
【消息】Content root path: D:\BaiduYunDownload\joy-admin-master\joy-admin-master\JoyAdminBackend\JoyAdmin\JoyAdmin.Web.Entry\

【时间】2023-03-20 16:05:50,562
【等级】INF
【消息】Application started. Press Ctrl+C to shut down.

【时间】2023-03-20 16:05:50,612
【等级】INF
【消息】Hosting environment: Development

【时间】2023-03-20 16:05:50,614
【等级】INF
【消息】Content root path: D:\BaiduYunDownload\joy-admin-master\joy-admin-master\JoyAdminBackend\JoyAdmin\JoyAdmin.Web.Entry\

【时间】2023-03-20 16:14:54,188
【等级】INF
【消息】Application started. Press Ctrl+C to shut down.

【时间】2023-03-20 16:14:54,246
【等级】INF
【消息】Hosting environment: Development

【时间】2023-03-20 16:14:54,248
【等级】INF
【消息】Content root path: D:\BaiduYunDownload\joy-admin-master\joy-admin-master\JoyAdminBackend\JoyAdmin\JoyAdmin.Web.Entry\

【时间】2023-03-20 16:17:26,231
【等级】INF
【消息】Application started. Press Ctrl+C to shut down.

【时间】2023-03-20 16:17:26,272
【等级】INF
【消息】Hosting environment: Development

【时间】2023-03-20 16:17:26,274
【等级】INF
【消息】Content root path: D:\BaiduYunDownload\joy-admin-master\joy-admin-master\JoyAdminBackend\JoyAdmin\JoyAdmin.Web.Entry\

