【时间】2023-03-20 15:39:19,637
【等级】ERR
【消息】Furion.FriendlyException.AppFriendlyException: 密码输入不正确
   at JoyAdmin.Application.RBACService.Login(LoginInput input) in D:\BaiduYunDownload\joy-admin-master\joy-admin-master\JoyAdminBackend\JoyAdmin\JoyAdmin.Application\RBAC\RBACService.cs:line 66
   at lambda_method25(Closure , Object , Object[] )
   at Microsoft.AspNetCore.Mvc.Infrastructure.ActionMethodExecutor.SyncObjectResultExecutor.Execute(IActionResultTypeMapper mapper, ObjectMethodExecutor executor, Object controller, Object[] arguments)
   at Microsoft.AspNetCore.Mvc.Infrastructure.ControllerActionInvoker.<InvokeActionMethodAsync>g__Logged|12_1(ControllerActionInvoker invoker)
   at Microsoft.AspNetCore.Mvc.Infrastructure.ControllerActionInvoker.<InvokeNextActionFilterAsync>g__Awaited|10_0(ControllerActionInvoker invoker, Task lastTask, State next, Scope scope, Object state, Boolean isCompleted)
   at Microsoft.AspNetCore.Mvc.Infrastructure.ControllerActionInvoker.Rethrow(ActionExecutedContextSealed context)
   at Microsoft.AspNetCore.Mvc.Infrastructure.ControllerActionInvoker.Next(State& next, Scope& scope, Object& state, Boolean& isCompleted)
   at Microsoft.AspNetCore.Mvc.Infrastructure.ControllerActionInvoker.InvokeInnerFilterAsync()
--- End of stack trace from previous location ---
   at Microsoft.AspNetCore.Mvc.Infrastructure.ResourceInvoker.<InvokeNextExceptionFilterAsync>g__Awaited|26_0(ResourceInvoker invoker, Task lastTask, State next, Scope scope, Object state, Boolean isCompleted)

【时间】2023-03-20 15:39:30,346
【等级】ERR
【消息】Furion.FriendlyException.AppFriendlyException: 密码输入不正确
   at JoyAdmin.Application.RBACService.Login(LoginInput input) in D:\BaiduYunDownload\joy-admin-master\joy-admin-master\JoyAdminBackend\JoyAdmin\JoyAdmin.Application\RBAC\RBACService.cs:line 66
   at lambda_method25(Closure , Object , Object[] )
   at Microsoft.AspNetCore.Mvc.Infrastructure.ActionMethodExecutor.SyncObjectResultExecutor.Execute(IActionResultTypeMapper mapper, ObjectMethodExecutor executor, Object controller, Object[] arguments)
   at Microsoft.AspNetCore.Mvc.Infrastructure.ControllerActionInvoker.<InvokeActionMethodAsync>g__Logged|12_1(ControllerActionInvoker invoker)
   at Microsoft.AspNetCore.Mvc.Infrastructure.ControllerActionInvoker.<InvokeNextActionFilterAsync>g__Awaited|10_0(ControllerActionInvoker invoker, Task lastTask, State next, Scope scope, Object state, Boolean isCompleted)
   at Microsoft.AspNetCore.Mvc.Infrastructure.ControllerActionInvoker.Rethrow(ActionExecutedContextSealed context)
   at Microsoft.AspNetCore.Mvc.Infrastructure.ControllerActionInvoker.Next(State& next, Scope& scope, Object& state, Boolean& isCompleted)
   at Microsoft.AspNetCore.Mvc.Infrastructure.ControllerActionInvoker.InvokeInnerFilterAsync()
--- End of stack trace from previous location ---
   at Microsoft.AspNetCore.Mvc.Infrastructure.ResourceInvoker.<InvokeNextExceptionFilterAsync>g__Awaited|26_0(ResourceInvoker invoker, Task lastTask, State next, Scope scope, Object state, Boolean isCompleted)

【时间】2023-03-20 16:02:44,813
【等级】ERR
【消息】System.NullReferenceException: Object reference not set to an instance of an object.
   at Yitter.IdGenerator.YitIdHelper.NextId()
   at JoyAdmin.EntityFramework.Core.DefaultDbContext.SavingChangesEvent(DbContextEventData eventData, InterceptionResult`1 result) in D:\BaiduYunDownload\joy-admin-master\joy-admin-master\JoyAdminBackend\JoyAdmin\JoyAdmin.EntityFramework.Core\DbContexts\DefaultDbContext.cs:line 54
   at Furion.DatabaseAccessor.AppDbContext`2.SavingChangesEventInner(DbContextEventData eventData, InterceptionResult`1 result)
   at CallSite.Target(Closure , CallSite , Object , DbContextEventData , InterceptionResult`1 )
   at Furion.DatabaseAccessor.DbContextSaveChangesInterceptor.SavingChanges(DbContextEventData eventData, InterceptionResult`1 result)
   at Microsoft.EntityFrameworkCore.Diagnostics.CoreLoggerExtensions.SaveChangesStarting(IDiagnosticsLogger`1 diagnostics, DbContext context)
   at Microsoft.EntityFrameworkCore.DbContext.SaveChanges(Boolean acceptAllChangesOnSuccess)
   at Microsoft.EntityFrameworkCore.DbContext.SaveChanges()
   at Furion.DatabaseAccessor.DbContextPool.<>c.<SavePoolNow>b__14_1(KeyValuePair`2 u)
   at System.Linq.Enumerable.WhereSelectEnumerableIterator`2.GetCount(Boolean onlyIfCheap)
   at System.Linq.Enumerable.Count[TSource](IEnumerable`1 source)
   at Furion.DatabaseAccessor.DbContextPool.SavePoolNow()
   at Furion.DatabaseAccessor.AutoSaveChangesFilter.OnActionExecutionAsync(ActionExecutingContext context, ActionExecutionDelegate next)
   at Microsoft.AspNetCore.Mvc.Infrastructure.ControllerActionInvoker.<InvokeNextActionFilterAsync>g__Awaited|10_0(ControllerActionInvoker invoker, Task lastTask, State next, Scope scope, Object state, Boolean isCompleted)
   at Microsoft.AspNetCore.Mvc.Infrastructure.ControllerActionInvoker.Rethrow(ActionExecutedContextSealed context)
   at Microsoft.AspNetCore.Mvc.Infrastructure.ControllerActionInvoker.Next(State& next, Scope& scope, Object& state, Boolean& isCompleted)
   at Microsoft.AspNetCore.Mvc.Infrastructure.ControllerActionInvoker.InvokeInnerFilterAsync()
--- End of stack trace from previous location ---
   at Microsoft.AspNetCore.Mvc.Infrastructure.ResourceInvoker.<InvokeNextExceptionFilterAsync>g__Awaited|26_0(ResourceInvoker invoker, Task lastTask, State next, Scope scope, Object state, Boolean isCompleted)

【时间】2023-03-20 16:03:37,798
【等级】ERR
【消息】System.NullReferenceException: Object reference not set to an instance of an object.
   at Yitter.IdGenerator.YitIdHelper.NextId()
   at JoyAdmin.EntityFramework.Core.DefaultDbContext.SavingChangesEvent(DbContextEventData eventData, InterceptionResult`1 result) in D:\BaiduYunDownload\joy-admin-master\joy-admin-master\JoyAdminBackend\JoyAdmin\JoyAdmin.EntityFramework.Core\DbContexts\DefaultDbContext.cs:line 54
   at Furion.DatabaseAccessor.AppDbContext`2.SavingChangesEventInner(DbContextEventData eventData, InterceptionResult`1 result)
   at CallSite.Target(Closure , CallSite , Object , DbContextEventData , InterceptionResult`1 )
   at Furion.DatabaseAccessor.DbContextSaveChangesInterceptor.SavingChanges(DbContextEventData eventData, InterceptionResult`1 result)
   at Microsoft.EntityFrameworkCore.Diagnostics.CoreLoggerExtensions.SaveChangesStarting(IDiagnosticsLogger`1 diagnostics, DbContext context)
   at Microsoft.EntityFrameworkCore.DbContext.SaveChanges(Boolean acceptAllChangesOnSuccess)
   at Microsoft.EntityFrameworkCore.DbContext.SaveChanges()
   at Furion.DatabaseAccessor.DbContextPool.<>c.<SavePoolNow>b__14_1(KeyValuePair`2 u)
   at System.Linq.Enumerable.WhereSelectEnumerableIterator`2.GetCount(Boolean onlyIfCheap)
   at System.Linq.Enumerable.Count[TSource](IEnumerable`1 source)
   at Furion.DatabaseAccessor.DbContextPool.SavePoolNow()
   at Furion.DatabaseAccessor.AutoSaveChangesFilter.OnActionExecutionAsync(ActionExecutingContext context, ActionExecutionDelegate next)
   at Microsoft.AspNetCore.Mvc.Infrastructure.ControllerActionInvoker.<InvokeNextActionFilterAsync>g__Awaited|10_0(ControllerActionInvoker invoker, Task lastTask, State next, Scope scope, Object state, Boolean isCompleted)
   at Microsoft.AspNetCore.Mvc.Infrastructure.ControllerActionInvoker.Rethrow(ActionExecutedContextSealed context)
   at Microsoft.AspNetCore.Mvc.Infrastructure.ControllerActionInvoker.Next(State& next, Scope& scope, Object& state, Boolean& isCompleted)
   at Microsoft.AspNetCore.Mvc.Infrastructure.ControllerActionInvoker.InvokeInnerFilterAsync()
--- End of stack trace from previous location ---
   at Microsoft.AspNetCore.Mvc.Infrastructure.ResourceInvoker.<InvokeNextExceptionFilterAsync>g__Awaited|26_0(ResourceInvoker invoker, Task lastTask, State next, Scope scope, Object state, Boolean isCompleted)

【时间】2023-03-20 16:16:06,706
【等级】ERR
【消息】Furion.FriendlyException.AppFriendlyException: 账号输入不正确
   at JoyAdmin.Application.RBACService.Login(LoginInput input) in D:\BaiduYunDownload\joy-admin-master\joy-admin-master\JoyAdminBackend\JoyAdmin\JoyAdmin.Application\RBAC\RBACService.cs:line 63
   at lambda_method25(Closure , Object , Object[] )
   at Microsoft.AspNetCore.Mvc.Infrastructure.ActionMethodExecutor.SyncObjectResultExecutor.Execute(IActionResultTypeMapper mapper, ObjectMethodExecutor executor, Object controller, Object[] arguments)
   at Microsoft.AspNetCore.Mvc.Infrastructure.ControllerActionInvoker.<InvokeActionMethodAsync>g__Logged|12_1(ControllerActionInvoker invoker)
   at Microsoft.AspNetCore.Mvc.Infrastructure.ControllerActionInvoker.<InvokeNextActionFilterAsync>g__Awaited|10_0(ControllerActionInvoker invoker, Task lastTask, State next, Scope scope, Object state, Boolean isCompleted)
   at Microsoft.AspNetCore.Mvc.Infrastructure.ControllerActionInvoker.Rethrow(ActionExecutedContextSealed context)
   at Microsoft.AspNetCore.Mvc.Infrastructure.ControllerActionInvoker.Next(State& next, Scope& scope, Object& state, Boolean& isCompleted)
   at Microsoft.AspNetCore.Mvc.Infrastructure.ControllerActionInvoker.InvokeInnerFilterAsync()
--- End of stack trace from previous location ---
   at Microsoft.AspNetCore.Mvc.Infrastructure.ResourceInvoker.<InvokeNextExceptionFilterAsync>g__Awaited|26_0(ResourceInvoker invoker, Task lastTask, State next, Scope scope, Object state, Boolean isCompleted)

【时间】2023-03-20 16:16:10,064
【等级】ERR
【消息】Furion.FriendlyException.AppFriendlyException: 密码输入不正确
   at JoyAdmin.Application.RBACService.Login(LoginInput input) in D:\BaiduYunDownload\joy-admin-master\joy-admin-master\JoyAdminBackend\JoyAdmin\JoyAdmin.Application\RBAC\RBACService.cs:line 66
   at lambda_method25(Closure , Object , Object[] )
   at Microsoft.AspNetCore.Mvc.Infrastructure.ActionMethodExecutor.SyncObjectResultExecutor.Execute(IActionResultTypeMapper mapper, ObjectMethodExecutor executor, Object controller, Object[] arguments)
   at Microsoft.AspNetCore.Mvc.Infrastructure.ControllerActionInvoker.<InvokeActionMethodAsync>g__Logged|12_1(ControllerActionInvoker invoker)
   at Microsoft.AspNetCore.Mvc.Infrastructure.ControllerActionInvoker.<InvokeNextActionFilterAsync>g__Awaited|10_0(ControllerActionInvoker invoker, Task lastTask, State next, Scope scope, Object state, Boolean isCompleted)
   at Microsoft.AspNetCore.Mvc.Infrastructure.ControllerActionInvoker.Rethrow(ActionExecutedContextSealed context)
   at Microsoft.AspNetCore.Mvc.Infrastructure.ControllerActionInvoker.Next(State& next, Scope& scope, Object& state, Boolean& isCompleted)
   at Microsoft.AspNetCore.Mvc.Infrastructure.ControllerActionInvoker.InvokeInnerFilterAsync()
--- End of stack trace from previous location ---
   at Microsoft.AspNetCore.Mvc.Infrastructure.ResourceInvoker.<InvokeNextExceptionFilterAsync>g__Awaited|26_0(ResourceInvoker invoker, Task lastTask, State next, Scope scope, Object state, Boolean isCompleted)

【时间】2023-03-20 16:16:43,564
【等级】ERR
【消息】Furion.FriendlyException.AppFriendlyException: 密码输入不正确
   at JoyAdmin.Application.RBACService.Login(LoginInput input) in D:\BaiduYunDownload\joy-admin-master\joy-admin-master\JoyAdminBackend\JoyAdmin\JoyAdmin.Application\RBAC\RBACService.cs:line 66
   at lambda_method25(Closure , Object , Object[] )
   at Microsoft.AspNetCore.Mvc.Infrastructure.ActionMethodExecutor.SyncObjectResultExecutor.Execute(IActionResultTypeMapper mapper, ObjectMethodExecutor executor, Object controller, Object[] arguments)
   at Microsoft.AspNetCore.Mvc.Infrastructure.ControllerActionInvoker.<InvokeActionMethodAsync>g__Logged|12_1(ControllerActionInvoker invoker)
   at Microsoft.AspNetCore.Mvc.Infrastructure.ControllerActionInvoker.<InvokeNextActionFilterAsync>g__Awaited|10_0(ControllerActionInvoker invoker, Task lastTask, State next, Scope scope, Object state, Boolean isCompleted)
   at Microsoft.AspNetCore.Mvc.Infrastructure.ControllerActionInvoker.Rethrow(ActionExecutedContextSealed context)
   at Microsoft.AspNetCore.Mvc.Infrastructure.ControllerActionInvoker.Next(State& next, Scope& scope, Object& state, Boolean& isCompleted)
   at Microsoft.AspNetCore.Mvc.Infrastructure.ControllerActionInvoker.InvokeInnerFilterAsync()
--- End of stack trace from previous location ---
   at Microsoft.AspNetCore.Mvc.Infrastructure.ResourceInvoker.<InvokeNextExceptionFilterAsync>g__Awaited|26_0(ResourceInvoker invoker, Task lastTask, State next, Scope scope, Object state, Boolean isCompleted)

【时间】2023-03-20 16:18:18,899
【等级】ERR
【消息】Furion.FriendlyException.AppFriendlyException: 密码输入不正确
   at JoyAdmin.Application.RBACService.Login(LoginInput input) in D:\BaiduYunDownload\joy-admin-master\joy-admin-master\JoyAdminBackend\JoyAdmin\JoyAdmin.Application\RBAC\RBACService.cs:line 66
   at lambda_method14(Closure , Object , Object[] )
   at Microsoft.AspNetCore.Mvc.Infrastructure.ActionMethodExecutor.SyncObjectResultExecutor.Execute(IActionResultTypeMapper mapper, ObjectMethodExecutor executor, Object controller, Object[] arguments)
   at Microsoft.AspNetCore.Mvc.Infrastructure.ControllerActionInvoker.<InvokeActionMethodAsync>g__Logged|12_1(ControllerActionInvoker invoker)
   at Microsoft.AspNetCore.Mvc.Infrastructure.ControllerActionInvoker.<InvokeNextActionFilterAsync>g__Awaited|10_0(ControllerActionInvoker invoker, Task lastTask, State next, Scope scope, Object state, Boolean isCompleted)
   at Microsoft.AspNetCore.Mvc.Infrastructure.ControllerActionInvoker.Rethrow(ActionExecutedContextSealed context)
   at Microsoft.AspNetCore.Mvc.Infrastructure.ControllerActionInvoker.Next(State& next, Scope& scope, Object& state, Boolean& isCompleted)
   at Microsoft.AspNetCore.Mvc.Infrastructure.ControllerActionInvoker.InvokeInnerFilterAsync()
--- End of stack trace from previous location ---
   at Microsoft.AspNetCore.Mvc.Infrastructure.ResourceInvoker.<InvokeNextExceptionFilterAsync>g__Awaited|26_0(ResourceInvoker invoker, Task lastTask, State next, Scope scope, Object state, Boolean isCompleted)

