【时间】2023-03-22 09:04:27,557
【等级】INF
【消息】Now listening on: http://localhost:5000

【时间】2023-03-22 09:04:27,585
【等级】INF
【消息】Now listening on: https://localhost:5001

【时间】2023-03-22 09:04:27,587
【等级】INF
【消息】Application started. Press Ctrl+C to shut down.

【时间】2023-03-22 09:04:27,587
【等级】INF
【消息】Hosting environment: Production

【时间】2023-03-22 09:04:27,587
【等级】INF
【消息】Content root path: D:\BaiduYunDownload\joy-admin-master\joy-admin-master\JoyAdminBackend\JoyAdmin\JoyAdmin.Web.Entry\bin\Release\net6.0\publish\

【时间】2023-03-22 09:20:18,829
【等级】INF
【消息】Now listening on: http://localhost:5000

【时间】2023-03-22 09:20:18,851
【等级】INF
【消息】Now listening on: https://localhost:5001

【时间】2023-03-22 09:20:18,853
【等级】INF
【消息】Application started. Press Ctrl+C to shut down.

【时间】2023-03-22 09:20:18,853
【等级】INF
【消息】Hosting environment: Production

【时间】2023-03-22 09:20:18,853
【等级】INF
【消息】Content root path: D:\BaiduYunDownload\joy-admin-master\joy-admin-master\JoyAdminBackend\JoyAdmin\JoyAdmin.Web.Entry\bin\Release\net6.0\publish\

【时间】2023-03-22 09:24:27,141
【等级】INF
【消息】Now listening on: http://localhost:5000

【时间】2023-03-22 09:24:27,162
【等级】INF
【消息】Now listening on: https://localhost:5001

【时间】2023-03-22 09:24:27,164
【等级】INF
【消息】Application started. Press Ctrl+C to shut down.

【时间】2023-03-22 09:24:27,164
【等级】INF
【消息】Hosting environment: Production

【时间】2023-03-22 09:24:27,164
【等级】INF
【消息】Content root path: D:\BaiduYunDownload\joy-admin-master\joy-admin-master\JoyAdminBackend\JoyAdmin\JoyAdmin.Web.Entry\bin\Release\net6.0\publish\

